<?xml version="1.0" encoding="UTF-8"?>
<!-- Generated by org.testng.reporters.JUnitReportReporter -->
<testsuite skipped="0" hostname="dlukiosk94646" name="com.indeed.tests.Xpathtutorial" tests="1" failures="0" timestamp="08 Mar 2017 11:22:49 GMT" time="11.078" errors="0">
  <testcase name="checkElementsAdvanced" time="11.078" classname="com.indeed.tests.Xpathtutorial"/>
</testsuite> <!-- com.indeed.tests.Xpathtutorial -->
