<?xml version="1.0" encoding="UTF-8"?>
<!-- Generated by org.testng.reporters.JUnitReportReporter -->
<testsuite skipped="0" hostname="dlukiosk94646" name="com.indeed.tests.Log4jDemo" tests="1" failures="0" timestamp="22 Mar 2017 04:57:53 GMT" time="23.559" errors="0">
  <testcase name="Test1" time="23.559" classname="com.indeed.tests.Log4jDemo"/>
</testsuite> <!-- com.indeed.tests.Log4jDemo -->
