<?xml version="1.0" encoding="UTF-8"?>
<!-- Generated by org.testng.reporters.JUnitReportReporter -->
<testsuite skipped="0" hostname="dlukiosk94646" name="com.indeed.tests.BootstrapDropdown" tests="2" failures="0" timestamp="08 Mar 2017 06:27:36 GMT" time="28.754" errors="0">
  <testcase name="fetchDropdownValues" time="13.929" classname="com.indeed.tests.BootstrapDropdown"/>
  <testcase name="fetchRadioButtons" time="14.825" classname="com.indeed.tests.BootstrapDropdown"/>
</testsuite> <!-- com.indeed.tests.BootstrapDropdown -->
