<?xml version="1.0" encoding="UTF-8"?>
<!-- Generated by org.testng.reporters.JUnitReportReporter -->
<testsuite skipped="0" hostname="dlukiosk94646" name="com.indeed.tests.ParameterizationTestNG" tests="2" failures="0" timestamp="08 Mar 2017 05:29:10 GMT" time="0.059" errors="0">
  <testcase name="doLogin" time="0.054" classname="com.indeed.tests.ParameterizationTestNG"/>
  <testcase name="doLogin" time="0.005" classname="com.indeed.tests.ParameterizationTestNG"/>
</testsuite> <!-- com.indeed.tests.ParameterizationTestNG -->
