<?xml version="1.0" encoding="UTF-8"?>
<!-- Generated by org.testng.reporters.JUnitReportReporter -->
<testsuite skipped="0" hostname="dlukiosk94646" name="com.indeed.tests.ExcelDemo" tests="3" failures="0" timestamp="14 Mar 2017 07:52:07 GMT" time="1.117" errors="0">
  <testcase name="readExcelUserLibrary" time="0.077" classname="com.indeed.tests.ExcelDemo"/>
  <testcase name="readExcelBasicApachePOI" time="0.670" classname="com.indeed.tests.ExcelDemo"/>
  <testcase name="writeExcelBasicApachePOI" time="0.370" classname="com.indeed.tests.ExcelDemo"/>
</testsuite> <!-- com.indeed.tests.ExcelDemo -->
