<?xml version="1.0" encoding="UTF-8"?>
<!-- Generated by org.testng.reporters.JUnitReportReporter -->
<testsuite skipped="0" hostname="dlukiosk94646" name="com.wordpress.pages.PageObjectModelDemo" tests="1" failures="0" timestamp="10 Mar 2017 08:20:21 GMT" time="18.665" errors="0">
  <testcase name="verifyValidLogin" time="18.665" classname="com.wordpress.pages.PageObjectModelDemo"/>
</testsuite> <!-- com.wordpress.pages.PageObjectModelDemo -->
