<?xml version="1.0" encoding="UTF-8"?>
<!-- Generated by org.testng.reporters.JUnitReportReporter -->
<testsuite skipped="0" hostname="dlukiosk94646" name="com.wordpress.pages.PageFactoryDemo" tests="1" failures="0" timestamp="10 Mar 2017 10:52:29 GMT" time="13.864" errors="0">
  <testcase name="checkNewPost" time="13.864" classname="com.wordpress.pages.PageFactoryDemo"/>
</testsuite> <!-- com.wordpress.pages.PageFactoryDemo -->
