<?xml version="1.0" encoding="UTF-8"?>
<!-- Generated by org.testng.reporters.JUnitReportReporter -->
<testsuite skipped="0" hostname="dlukiosk94646" name="com.indeed.tests.ExcelDemo" tests="2" failures="0" timestamp="14 Mar 2017 06:11:22 GMT" time="0.704" errors="0">
  <testcase name="readExcelBasicApachePOI" time="0.675" classname="com.indeed.tests.ExcelDemo"/>
  <testcase name="readExcelUserLibrary" time="0.029" classname="com.indeed.tests.ExcelDemo"/>
</testsuite> <!-- com.indeed.tests.ExcelDemo -->
