<?xml version="1.0" encoding="UTF-8"?>
<!-- Generated by org.testng.reporters.JUnitReportReporter -->
<testsuite skipped="0" hostname="dlukiosk94646" name="com.indeed.tests.CrossBrowserTesting" tests="2" failures="0" timestamp="16 Mar 2017 04:53:50 GMT" time="20.226" errors="0">
  <testcase name="verifyTitle" time="6.762" classname="com.indeed.tests.CrossBrowserTesting"/>
  <testcase name="verifyTitle" time="13.464" classname="com.indeed.tests.CrossBrowserTesting"/>
</testsuite> <!-- com.indeed.tests.CrossBrowserTesting -->
